<?xml version="1.0" encoding="UTF-8" ?>
<testsuite errors="0" failures="0" hostname="Luke" name="oop_ca5_tvmaze.PersonStoreTest" skipped="0" tests="10" time="1.094" timestamp="2017-04-28T11:24:28">
  <properties>
[...]
</properties>
  <testcase classname="oop_ca5_tvmaze.PersonStoreTest" name="testSearchAPI" time="0.344" />
  <testcase classname="oop_ca5_tvmaze.PersonStoreTest" name="testListPersons" time="0.188" />
  <testcase classname="oop_ca5_tvmaze.PersonStoreTest" name="testListPersonsByRating" time="0.14" />
  <testcase classname="oop_ca5_tvmaze.PersonStoreTest" name="testGetPersons" time="0.0" />
  <testcase classname="oop_ca5_tvmaze.PersonStoreTest" name="testWritePersonData" time="0.031" />
  <testcase classname="oop_ca5_tvmaze.PersonStoreTest" name="testExportToHTML" time="0.0" />
  <testcase classname="oop_ca5_tvmaze.PersonStoreTest" name="testSearchLocalRecords" time="0.0" />
  <testcase classname="oop_ca5_tvmaze.PersonStoreTest" name="testListPersonsByID" time="0.125" />
  <testcase classname="oop_ca5_tvmaze.PersonStoreTest" name="testLoadPersonStore" time="0.0" />
  <testcase classname="oop_ca5_tvmaze.PersonStoreTest" name="testListPersonsByName" time="0.156" />
  <system-out><![CDATA[searchAPI
PASSED
TEST 1 RESULT:
Person{score=35.141994, queryName=shaun, name=Shaun Powell, id=20018, imageUrl=defaultProfile.png, personLink=http://www.tvmaze.com/people/20018/shaun-powell, myRating=-1, myComments=default comments}
Person{score=35.141994, queryName=shaun, name=Shaun Majumder, id=30702, imageUrl=http://static.tvmaze.com/uploads/images/medium_portrait/9/24243.jpg, personLink=http://www.tvmaze.com/people/30702/shaun-majumder, myRating=-1, myComments=default comments}
Person{score=35.141994, queryName=shaun, name=Shaun Clay, id=32534, imageUrl=http://static.tvmaze.com/uploads/images/medium_portrait/83/207780.jpg, personLink=http://www.tvmaze.com/people/32534/shaun-clay, myRating=-1, myComments=default comments}
Person{score=35.141994, queryName=shaun, name=Shaun Dooley, id=37862, imageUrl=http://static.tvmaze.com/uploads/images/medium_portrait/8/21439.jpg, personLink=http://www.tvmaze.com/people/37862/shaun-dooley, myRating=-1, myComments=default comments}
Person{score=35.141994, queryName=shaun, name=Shaun Hennessy, id=38553, imageUrl=defaultProfile.png, personLink=http://www.tvmaze.com/people/38553/shaun-hennessy, myRating=-1, myComments=default comments}
Person{score=35.141994, queryName=shaun, name=Shaun Brady, id=41725, imageUrl=defaultProfile.png, personLink=http://www.tvmaze.com/people/41725/shaun-brady, myRating=-1, myComments=default comments}
Person{score=35.141994, queryName=shaun, name=Shaun Himmerick, id=43500, imageUrl=defaultProfile.png, personLink=http://www.tvmaze.com/people/43500/shaun-himmerick, myRating=-1, myComments=default comments}
Person{score=35.141994, queryName=shaun, name=Shaun Cassidy, id=50431, imageUrl=defaultProfile.png, personLink=http://www.tvmaze.com/people/50431/shaun-cassidy, myRating=-1, myComments=default comments}
Person{score=35.141994, queryName=shaun, name=Shaun Baker, id=60319, imageUrl=http://static.tvmaze.com/uploads/images/medium_portrait/12/30488.jpg, personLink=http://www.tvmaze.com/people/60319/shaun-baker, myRating=-1, myComments=default comments}
Person{score=35.141994, queryName=shaun, name=Shaun Micallef, id=64297, imageUrl=http://static.tvmaze.com/uploads/images/medium_portrait/27/69574.jpg, personLink=http://www.tvmaze.com/people/64297/shaun-micallef, myRating=-1, myComments=default comments}
TEST 2 RESULT: 0 results, success
TEST 3 RESULT: 0 results, success
TEST 4 RESULT: 10 results, success
listPersons
[0;1mPaul Rapovski[0m
ID              2243            
Score           22.06           
Query Name      paul            
Image URL       http://static.tvmaze.com/uploads/images/medium_portrait/2/5710.jpg
Bio Link        http://www.tvmaze.com/people/2243/paul-rapovski
Rating          -1              
Comments        default comments

[0;1mKate Herman[0m
ID              1392            
Score           27.95           
Query Name      kate            
Image URL       defaultProfile.png
Bio Link        http://www.tvmaze.com/people/1392/kate-herman
Rating          -1              
Comments        default comments

[0;1mAlan McCullough[0m
ID              2477            
Score           27.67           
Query Name      alan            
Image URL       defaultProfile.png
Bio Link        http://www.tvmaze.com/people/2477/alan-mccullough
Rating          -1              
Comments        default comments

[0;1mJoanna Becker[0m
ID              32461           
Score           32.50           
Query Name      joanna          
Image URL       defaultProfile.png
Bio Link        http://www.tvmaze.com/people/32461/joanna-becker
Rating          -1              
Comments        default comments

[0;1mJohn Treleaven[0m
ID              4335            
Score           19.68           
Query Name      john            
Image URL       http://static.tvmaze.com/uploads/images/medium_portrait/5/13853.jpg
Bio Link        http://www.tvmaze.com/people/4335/john-treleaven
Rating          -1              
Comments        default comments

[0;1mAlan Shearman[0m
ID              47836           
Score           27.67           
Query Name      alan            
Image URL       defaultProfile.png
Bio Link        http://www.tvmaze.com/people/47836/alan-shearman
Rating          -1              
Comments        default comments

[0;1mJoanna Going[0m
ID              12579           
Score           32.50           
Query Name      joanna          
Image URL       http://static.tvmaze.com/uploads/images/medium_portrait/3/8027.jpg
Bio Link        http://www.tvmaze.com/people/12579/joanna-going
Rating          -1              
Comments        default comments

[0;1mKate Mara[0m
ID              9491            
Score           27.95           
Query Name      kate            
Image URL       http://static.tvmaze.com/uploads/images/medium_portrait/2/6101.jpg
Bio Link        http://www.tvmaze.com/people/9491/kate-mara
Rating          -1              
Comments        default comments

[0;1mShaun Majumder[0m
ID              30702           
Score           35.12           
Query Name      shaun           
Image URL       http://static.tvmaze.com/uploads/images/medium_portrait/9/24243.jpg
Bio Link        http://www.tvmaze.com/people/30702/shaun-majumder
Rating          -1              
Comments        default comments

[0;1mJohn Knox[0m
ID              1451            
Score           19.68           
Query Name      john            
Image URL       defaultProfile.png
Bio Link        http://www.tvmaze.com/people/1451/john-knox
Rating          -1              
Comments        default comments

[0;1mJohn Hainsworth[0m
ID              3496            
Score           19.68           
Query Name      john            
Image URL       defaultProfile.png
Bio Link        http://www.tvmaze.com/people/3496/john-hainsworth
Rating          -1              
Comments        default comments

[0;1mLuke Goss[0m
ID              29440           
Score           30.62           
Query Name      luke            
Image URL       http://static.tvmaze.com/uploads/images/medium_portrait/8/20416.jpg
Bio Link        http://www.tvmaze.com/people/29440/luke-goss
Rating          5               
Comments        default comments

[0;1mLuke Ganalon[0m
ID              35327           
Score           30.62           
Query Name      luke            
Image URL       defaultProfile.png
Bio Link        http://www.tvmaze.com/people/35327/luke-ganalon
Rating          -1              
Comments        default comments

[0;1mShaun Cassidy[0m
ID              50431           
Score           35.12           
Query Name      shaun           
Image URL       defaultProfile.png
Bio Link        http://www.tvmaze.com/people/50431/shaun-cassidy
Rating          -1              
Comments        default comments

[0;1mKerri Paul[0m
ID              3121            
Score           22.06           
Query Name      paul            
Image URL       defaultProfile.png
Bio Link        http://www.tvmaze.com/people/3121/kerri-paul
Rating          -1              
Comments        default comments

[0;1mJohn Neisler[0m
ID              755             
Score           19.68           
Query Name      john            
Image URL       http://static.tvmaze.com/uploads/images/medium_portrait/2/6999.jpg
Bio Link        http://www.tvmaze.com/people/755/john-neisler
Rating          -1              
Comments        default comments

[0;1mShaun Clay[0m
ID              32534           
Score           35.12           
Query Name      shaun           
Image URL       http://static.tvmaze.com/uploads/images/medium_portrait/83/207780.jpg
Bio Link        http://www.tvmaze.com/people/32534/shaun-clay
Rating          -1              
Comments        default comments

[0;1mPaul Duchart[0m
ID              2813            
Score           22.06           
Query Name      paul            
Image URL       http://static.tvmaze.com/uploads/images/medium_portrait/5/14101.jpg
Bio Link        http://www.tvmaze.com/people/2813/paul-duchart
Rating          -1              
Comments        default comments

[0;1mJane Fergus[0m
ID              17525           
Score           29.00           
Query Name      jane            
Image URL       defaultProfile.png
Bio Link        http://www.tvmaze.com/people/17525/jane-fergus
Rating          -1              
Comments        default comments

[0;1mJane Condon[0m
ID              30771           
Score           29.00           
Query Name      jane            
Image URL       defaultProfile.png
Bio Link        http://www.tvmaze.com/people/30771/jane-condon
Rating          -1              
Comments        default comments

[0;1mErin MacArthur[0m
ID              48281           
Score           45.57           
Query Name      macarthur       
Image URL       defaultProfile.png
Bio Link        http://www.tvmaze.com/people/48281/erin-macarthur
Rating          -1              
Comments        default comments

[0;1mLuke MacFarlane[0m
ID              22498           
Score           30.62           
Query Name      luke            
Image URL       http://static.tvmaze.com/uploads/images/medium_portrait/10/25634.jpg
Bio Link        http://www.tvmaze.com/people/22498/luke-macfarlane
Rating          -1              
Comments        default comments

[0;1mBilly MacLellan[0m
ID              2472            
Score           30.93           
Query Name      billy           
Image URL       http://static.tvmaze.com/uploads/images/medium_portrait/10/25948.jpg
Bio Link        http://www.tvmaze.com/people/2472/billy-maclellan
Rating          -1              
Comments        default comments

[0;1mShaun Powell[0m
ID              20018           
Score           35.12           
Query Name      shaun           
Image URL       defaultProfile.png
Bio Link        http://www.tvmaze.com/people/20018/shaun-powell
Rating          -1              
Comments        default comments

[0;1mCornelius Macarthy[0m
ID              161541          
Score           8.03            
Query Name      macarthur       
Image URL       defaultProfile.png
Bio Link        http://www.tvmaze.com/people/161541/cornelius-macarthy
Rating          -1              
Comments        default comments

[0;1mJohn Bernecker[0m
ID              708             
Score           19.68           
Query Name      john            
Image URL       defaultProfile.png
Bio Link        http://www.tvmaze.com/people/708/john-bernecker
Rating          -1              
Comments        default comments

[0;1mJoanna Bool[0m
ID              26593           
Score           32.50           
Query Name      joanna          
Image URL       defaultProfile.png
Bio Link        http://www.tvmaze.com/people/26593/joanna-bool
Rating          -1              
Comments        default comments

[0;1mPaul McGillion[0m
ID              3007            
Score           22.06           
Query Name      paul            
Image URL       http://static.tvmaze.com/uploads/images/medium_portrait/69/172938.jpg
Bio Link        http://www.tvmaze.com/people/3007/paul-mcgillion
Rating          -1              
Comments        default comments

[0;1mRobin McDonald[0m
ID              45657           
Score           35.83           
Query Name      mcdonald        
Image URL       defaultProfile.png
Bio Link        http://www.tvmaze.com/people/45657/robin-mcdonald
Rating          -1              
Comments        default comments

[0;1mAlan Metoskie[0m
ID              42016           
Score           27.67           
Query Name      alan            
Image URL       defaultProfile.png
Bio Link        http://www.tvmaze.com/people/42016/alan-metoskie
Rating          -1              
Comments        default comments

[0;1mJane Espenson[0m
ID              2939            
Score           29.00           
Query Name      jane            
Image URL       http://static.tvmaze.com/uploads/images/medium_portrait/37/94911.jpg
Bio Link        http://www.tvmaze.com/people/2939/jane-espenson
Rating          -1              
Comments        default comments

[0;1mShaun Himmerick[0m
ID              43500           
Score           35.12           
Query Name      shaun           
Image URL       defaultProfile.png
Bio Link        http://www.tvmaze.com/people/43500/shaun-himmerick
Rating          -1              
Comments        default comments

[0;1mPaul Batten[0m
ID              4523            
Score           22.06           
Query Name      paul            
Image URL       http://static.tvmaze.com/uploads/images/medium_portrait/5/13148.jpg
Bio Link        http://www.tvmaze.com/people/4523/paul-batten
Rating          -1              
Comments        default comments

[0;1mJane Nichols[0m
ID              20168           
Score           29.00           
Query Name      jane            
Image URL       defaultProfile.png
Bio Link        http://www.tvmaze.com/people/20168/jane-nichols
Rating          -1              
Comments        default comments

[0;1mJames MacArthur[0m
ID              51655           
Score           45.57           
Query Name      macarthur       
Image URL       http://static.tvmaze.com/uploads/images/medium_portrait/17/42951.jpg
Bio Link        http://www.tvmaze.com/people/51655/james-macarthur
Rating          -1              
Comments        default comments

[0;1mJane Adams[0m
ID              24936           
Score           29.00           
Query Name      jane            
Image URL       http://static.tvmaze.com/uploads/images/medium_portrait/7/17708.jpg
Bio Link        http://www.tvmaze.com/people/24936/jane-adams
Rating          -1              
Comments        default comments

[0;1mKevonte McDonald[0m
ID              81017           
Score           35.83           
Query Name      mcdonald        
Image URL       defaultProfile.png
Bio Link        http://www.tvmaze.com/people/81017/kevonte-mcdonald
Rating          -1              
Comments        default comments

[0;1mKate Garwood[0m
ID              5448            
Score           27.95           
Query Name      kate            
Image URL       defaultProfile.png
Bio Link        http://www.tvmaze.com/people/5448/kate-garwood
Rating          -1              
Comments        default comments

[0;1mAlan Tang[0m
ID              2264            
Score           27.67           
Query Name      alan            
Image URL       http://static.tvmaze.com/uploads/images/medium_portrait/1/3881.jpg
Bio Link        http://www.tvmaze.com/people/2264/alan-tang
Rating          -1              
Comments        default comments

[0;1mAlan Autry[0m
ID              38910           
Score           27.67           
Query Name      alan            
Image URL       http://static.tvmaze.com/uploads/images/medium_portrait/29/73366.jpg
Bio Link        http://www.tvmaze.com/people/38910/alan-autry
Rating          -1              
Comments        default comments

[0;1mLuke Mitchell[0m
ID              33790           
Score           30.62           
Query Name      luke            
Image URL       http://static.tvmaze.com/uploads/images/medium_portrait/3/8592.jpg
Bio Link        http://www.tvmaze.com/people/33790/luke-mitchell
Rating          -1              
Comments        default comments

[0;1mHayes MacArthur[0m
ID              31790           
Score           45.57           
Query Name      macarthur       
Image URL       http://static.tvmaze.com/uploads/images/medium_portrait/61/153161.jpg
Bio Link        http://www.tvmaze.com/people/31790/hayes-macarthur
Rating          -1              
Comments        default comments

[0;1mStuart McDonald[0m
ID              56762           
Score           35.83           
Query Name      mcdonald        
Image URL       defaultProfile.png
Bio Link        http://www.tvmaze.com/people/56762/stuart-mcdonald
Rating          5               
Comments        default comments

[0;1mShaun Micallef[0m
ID              64297           
Score           35.12           
Query Name      shaun           
Image URL       http://static.tvmaze.com/uploads/images/medium_portrait/27/69574.jpg
Bio Link        http://www.tvmaze.com/people/64297/shaun-micallef
Rating          -1              
Comments        default comments

[0;1mJane Moffat[0m
ID              35737           
Score           29.00           
Query Name      jane            
Image URL       http://static.tvmaze.com/uploads/images/medium_portrait/33/84362.jpg
Bio Link        http://www.tvmaze.com/people/35737/jane-moffat
Rating          -1              
Comments        default comments

[0;1mLuke Adams[0m
ID              3049            
Score           30.62           
Query Name      luke            
Image URL       defaultProfile.png
Bio Link        http://www.tvmaze.com/people/3049/luke-adams
Rating          -1              
Comments        default comments

[0;1mBilly Evans[0m
ID              14278           
Score           30.93           
Query Name      billy           
Image URL       defaultProfile.png
Bio Link        http://www.tvmaze.com/people/14278/billy-evans
Rating          -1              
Comments        default comments

[0;1mAlan DiFiore[0m
ID              1531            
Score           27.67           
Query Name      alan            
Image URL       defaultProfile.png
Bio Link        http://www.tvmaze.com/people/1531/alan-difiore
Rating          -1              
Comments        default comments

[0;1mDavid MacArthur[0m
ID              165064          
Score           45.57           
Query Name      macarthur       
Image URL       defaultProfile.png
Bio Link        http://www.tvmaze.com/people/165064/david-macarthur
Rating          -1              
Comments        default comments

[0;1mKate Frisbee[0m
ID              11893           
Score           27.95           
Query Name      kate            
Image URL       http://static.tvmaze.com/uploads/images/medium_portrait/4/11014.jpg
Bio Link        http://www.tvmaze.com/people/11893/kate-frisbee
Rating          -1              
Comments        default comments

[0;1mBilly Lush[0m
ID              19479           
Score           30.93           
Query Name      billy           
Image URL       http://static.tvmaze.com/uploads/images/medium_portrait/4/11998.jpg
Bio Link        http://www.tvmaze.com/people/19479/billy-lush
Rating          -1              
Comments        default comments

[0;1mKate Rylie[0m
ID              12140           
Score           27.95           
Query Name      kate            
Image URL       defaultProfile.png
Bio Link        http://www.tvmaze.com/people/12140/kate-rylie
Rating          -1              
Comments        default comments

[0;1mJohn Voth[0m
ID              4558            
Score           19.68           
Query Name      john            
Image URL       http://static.tvmaze.com/uploads/images/medium_portrait/5/13064.jpg
Bio Link        http://www.tvmaze.com/people/4558/john-voth
Rating          -1              
Comments        default comments

[0;1mPatrick McDonald[0m
ID              30763           
Score           35.83           
Query Name      mcdonald        
Image URL       defaultProfile.png
Bio Link        http://www.tvmaze.com/people/30763/patrick-mcdonald
Rating          -1              
Comments        default comments

[0;1mDevon Alan[0m
ID              21668           
Score           27.67           
Query Name      alan            
Image URL       defaultProfile.png
Bio Link        http://www.tvmaze.com/people/21668/devon-alan
Rating          -1              
Comments        default comments

[0;1mJohn Fawcett[0m
ID              253             
Score           19.68           
Query Name      john            
Image URL       defaultProfile.png
Bio Link        http://www.tvmaze.com/people/253/john-fawcett
Rating          -1              
Comments        default comments

[0;1mAmber MacArthur[0m
ID              127494          
Score           45.57           
Query Name      macarthur       
Image URL       defaultProfile.png
Bio Link        http://www.tvmaze.com/people/127494/amber-macarthur
Rating          -1              
Comments        default comments

[0;1mJoanna Sanchez[0m
ID              38418           
Score           32.50           
Query Name      joanna          
Image URL       defaultProfile.png
Bio Link        http://www.tvmaze.com/people/38418/joanna-sanchez
Rating          -1              
Comments        default comments

[0;1mBrenda McDonald[0m
ID              3640            
Score           35.83           
Query Name      mcdonald        
Image URL       defaultProfile.png
Bio Link        http://www.tvmaze.com/people/3640/brenda-mcdonald
Rating          -1              
Comments        default comments

[0;1mBilly West[0m
ID              49026           
Score           30.93           
Query Name      billy           
Image URL       http://static.tvmaze.com/uploads/images/medium_portrait/4/11404.jpg
Bio Link        http://www.tvmaze.com/people/49026/billy-west
Rating          -1              
Comments        default comments

[0;1mBilly Wood[0m
ID              25714           
Score           30.93           
Query Name      billy           
Image URL       defaultProfile.png
Bio Link        http://www.tvmaze.com/people/25714/billy-wood
Rating          -1              
Comments        default comments

[0;1mShaun Hennessy[0m
ID              38553           
Score           35.12           
Query Name      shaun           
Image URL       defaultProfile.png
Bio Link        http://www.tvmaze.com/people/38553/shaun-hennessy
Rating          -1              
Comments        default comments

[0;1mLuke Loving[0m
ID              14028           
Score           30.62           
Query Name      luke            
Image URL       defaultProfile.png
Bio Link        http://www.tvmaze.com/people/14028/luke-loving
Rating          -1              
Comments        default comments

[0;1mJohn Casino[0m
ID              44              
Score           19.68           
Query Name      john            
Image URL       http://static.tvmaze.com/uploads/images/medium_portrait/4/10255.jpg
Bio Link        http://www.tvmaze.com/people/44/john-casino
Rating          -1              
Comments        default comments

[0;1mJoanna Flores[0m
ID              12647           
Score           32.50           
Query Name      joanna          
Image URL       defaultProfile.png
Bio Link        http://www.tvmaze.com/people/12647/joanna-flores
Rating          -1              
Comments        default comments

[0;1mBilly Tilk[0m
ID              36490           
Score           30.93           
Query Name      billy           
Image URL       defaultProfile.png
Bio Link        http://www.tvmaze.com/people/36490/billy-tilk
Rating          -1              
Comments        default comments

[0;1mPaul Holahan[0m
ID              4899            
Score           22.06           
Query Name      paul            
Image URL       defaultProfile.png
Bio Link        http://www.tvmaze.com/people/4899/paul-holahan
Rating          -1              
Comments        default comments

[0;1mJoanna Wolff[0m
ID              18323           
Score           32.50           
Query Name      joanna          
Image URL       defaultProfile.png
Bio Link        http://www.tvmaze.com/people/18323/joanna-wolff
Rating          -1              
Comments        default comments

[0;1mJosh McDonald[0m
ID              16049           
Score           35.83           
Query Name      mcdonald        
Image URL       defaultProfile.png
Bio Link        http://www.tvmaze.com/people/16049/josh-mcdonald
Rating          -1              
Comments        default comments

[0;1mArtin John[0m
ID              452             
Score           19.68           
Query Name      john            
Image URL       http://static.tvmaze.com/uploads/images/medium_portrait/3/7665.jpg
Bio Link        http://www.tvmaze.com/people/452/artin-john
Rating          -1              
Comments        default comments

[0;1mJane Carr[0m
ID              28870           
Score           29.00           
Query Name      jane            
Image URL       http://static.tvmaze.com/uploads/images/medium_portrait/39/98679.jpg
Bio Link        http://www.tvmaze.com/people/28870/jane-carr
Rating          -1              
Comments        default comments

[0;1mKate Hamilton[0m
ID              13751           
Score           27.95           
Query Name      kate            
Image URL       defaultProfile.png
Bio Link        http://www.tvmaze.com/people/13751/kate-hamilton
Rating          -1              
Comments        default comments

[0;1mGary McDonald[0m
ID              54184           
Score           35.83           
Query Name      mcdonald        
Image URL       defaultProfile.png
Bio Link        http://www.tvmaze.com/people/54184/gary-mcdonald
Rating          -1              
Comments        default comments

[0;1mJoanna Leeds[0m
ID              31623           
Score           32.50           
Query Name      joanna          
Image URL       defaultProfile.png
Bio Link        http://www.tvmaze.com/people/31623/joanna-leeds
Rating          -1              
Comments        default comments

[0;1mPaul Root[0m
ID              1760            
Score           22.06           
Query Name      paul            
Image URL       http://static.tvmaze.com/uploads/images/medium_portrait/54/135656.jpg
Bio Link        http://www.tvmaze.com/people/1760/paul-root
Rating          -1              
Comments        default comments

[0;1mLuke Kirby[0m
ID              17824           
Score           30.62           
Query Name      luke            
Image URL       http://static.tvmaze.com/uploads/images/medium_portrait/71/179790.jpg
Bio Link        http://www.tvmaze.com/people/17824/luke-kirby
Rating          -1              
Comments        default comments

[0;1mBilly Eichner[0m
ID              21340           
Score           30.93           
Query Name      billy           
Image URL       http://static.tvmaze.com/uploads/images/medium_portrait/9/23360.jpg
Bio Link        http://www.tvmaze.com/people/21340/billy-eichner
Rating          -1              
Comments        default comments

[0;1mBilly Wirth[0m
ID              7659            
Score           30.93           
Query Name      billy           
Image URL       http://static.tvmaze.com/uploads/images/medium_portrait/29/73310.jpg
Bio Link        http://www.tvmaze.com/people/7659/billy-wirth
Rating          -1              
Comments        default comments

[0;1mAlan Burnett[0m
ID              46547           
Score           27.67           
Query Name      alan            
Image URL       defaultProfile.png
Bio Link        http://www.tvmaze.com/people/46547/alan-burnett
Rating          -1              
Comments        default comments

[0;1mJane Hajduk[0m
ID              8380            
Score           29.00           
Query Name      jane            
Image URL       defaultProfile.png
Bio Link        http://www.tvmaze.com/people/8380/jane-hajduk
Rating          -1              
Comments        default comments

[0;1mPaul Rolfes[0m
ID              1099            
Score           22.06           
Query Name      paul            
Image URL       http://static.tvmaze.com/uploads/images/medium_portrait/2/6315.jpg
Bio Link        http://www.tvmaze.com/people/1099/paul-rolfes
Rating          -1              
Comments        default comments

[0;1mShaun Dooley[0m
ID              37862           
Score           35.12           
Query Name      shaun           
Image URL       http://static.tvmaze.com/uploads/images/medium_portrait/8/21439.jpg
Bio Link        http://www.tvmaze.com/people/37862/shaun-dooley
Rating          -1              
Comments        default comments

[0;1mJohn Behring[0m
ID              366             
Score           19.68           
Query Name      john            
Image URL       defaultProfile.png
Bio Link        http://www.tvmaze.com/people/366/john-behring
Rating          -1              
Comments        default comments

[0;1mJoanna Strapp[0m
ID              26141           
Score           32.50           
Query Name      joanna          
Image URL       http://static.tvmaze.com/uploads/images/medium_portrait/8/20381.jpg
Bio Link        http://www.tvmaze.com/people/26141/joanna-strapp
Rating          -1              
Comments        default comments

[0;1mJoanna Bacalso[0m
ID              2348            
Score           32.50           
Query Name      joanna          
Image URL       defaultProfile.png
Bio Link        http://www.tvmaze.com/people/2348/joanna-bacalso
Rating          -1              
Comments        default comments

[0;1mShaun Brady[0m
ID              41725           
Score           35.12           
Query Name      shaun           
Image URL       defaultProfile.png
Bio Link        http://www.tvmaze.com/people/41725/shaun-brady
Rating          -1              
Comments        default comments

[0;1mKate Vernon[0m
ID              852             
Score           27.95           
Query Name      kate            
Image URL       http://static.tvmaze.com/uploads/images/medium_portrait/1/4551.jpg
Bio Link        http://www.tvmaze.com/people/852/kate-vernon
Rating          -1              
Comments        default comments

[0;1mJoanna Liao[0m
ID              20614           
Score           32.50           
Query Name      joanna          
Image URL       defaultProfile.png
Bio Link        http://www.tvmaze.com/people/20614/joanna-liao
Rating          -1              
Comments        default comments

[0;1mLuke Kleintank[0m
ID              16418           
Score           30.62           
Query Name      luke            
Image URL       http://static.tvmaze.com/uploads/images/medium_portrait/10/26051.jpg
Bio Link        http://www.tvmaze.com/people/16418/luke-kleintank
Rating          -1              
Comments        default comments

[0;1mLynn McArthur[0m
ID              56687           
Score           7.66            
Query Name      macarthur       
Image URL       defaultProfile.png
Bio Link        http://www.tvmaze.com/people/56687/lynn-mcarthur
Rating          -1              
Comments        default comments

[0;1mAlan Metzger[0m
ID              18569           
Score           27.67           
Query Name      alan            
Image URL       defaultProfile.png
Bio Link        http://www.tvmaze.com/people/18569/alan-metzger
Rating          -1              
Comments        default comments

[0;1mAlan D'Antoni[0m
ID              30329           
Score           27.67           
Query Name      alan            
Image URL       defaultProfile.png
Bio Link        http://www.tvmaze.com/people/30329/alan-dantoni
Rating          -1              
Comments        default comments

[0;1mMichael McDonald[0m
ID              26876           
Score           35.83           
Query Name      mcdonald        
Image URL       http://static.tvmaze.com/uploads/images/medium_portrait/14/36000.jpg
Bio Link        http://www.tvmaze.com/people/26876/michael-mcdonald
Rating          -1              
Comments        default comments

[0;1mBilly Parriott[0m
ID              41030           
Score           30.93           
Query Name      billy           
Image URL       defaultProfile.png
Bio Link        http://www.tvmaze.com/people/41030/billy-parriott
Rating          -1              
Comments        default comments

[0;1mLuke Stockalper[0m
ID              33706           
Score           30.62           
Query Name      luke            
Image URL       defaultProfile.png
Bio Link        http://www.tvmaze.com/people/33706/luke-stockalper
Rating          -1              
Comments        default comments

[0;1mSweeney MacArthur[0m
ID              133772          
Score           45.57           
Query Name      macarthur       
Image URL       defaultProfile.png
Bio Link        http://www.tvmaze.com/people/133772/sweeney-macarthur
Rating          4               
Comments        I am Sweeney MacArthur

[0;1mEdith MacArthur[0m
ID              78077           
Score           45.57           
Query Name      macarthur       
Image URL       defaultProfile.png
Bio Link        http://www.tvmaze.com/people/78077/edith-macarthur
Rating          -1              
Comments        default comments

[0;1mSean McDonald[0m
ID              80891           
Score           35.83           
Query Name      mcdonald        
Image URL       defaultProfile.png
Bio Link        http://www.tvmaze.com/people/80891/sean-mcdonald
Rating          -1              
Comments        default comments

[0;1mNicholas McDonald[0m
ID              11511           
Score           35.83           
Query Name      mcdonald        
Image URL       defaultProfile.png
Bio Link        http://www.tvmaze.com/people/11511/nicholas-mcdonald
Rating          -1              
Comments        default comments

[0;1mLuke Buckberrough[0m
ID              26356           
Score           30.62           
Query Name      luke            
Image URL       defaultProfile.png
Bio Link        http://www.tvmaze.com/people/26356/luke-buckberrough
Rating          -1              
Comments        default comments

[0;1mJane Greer[0m
ID              29224           
Score           29.00           
Query Name      jane            
Image URL       defaultProfile.png
Bio Link        http://www.tvmaze.com/people/29224/jane-greer
Rating          -1              
Comments        default comments

[0;1mScott MacArthur[0m
ID              10656           
Score           45.57           
Query Name      macarthur       
Image URL       http://static.tvmaze.com/uploads/images/medium_portrait/89/222591.jpg
Bio Link        http://www.tvmaze.com/people/10656/scott-macarthur
Rating          -1              
Comments        default comments

[0;1mKate Lacey[0m
ID              9190            
Score           27.95           
Query Name      kate            
Image URL       defaultProfile.png
Bio Link        http://www.tvmaze.com/people/9190/kate-lacey
Rating          -1              
Comments        default comments

[0;1mPaul Amos[0m
ID              2308            
Score           22.06           
Query Name      paul            
Image URL       http://static.tvmaze.com/uploads/images/medium_portrait/54/136059.jpg
Bio Link        http://www.tvmaze.com/people/2308/paul-amos
Rating          -1              
Comments        default comments

[0;1mShaun Baker[0m
ID              60319           
Score           35.12           
Query Name      shaun           
Image URL       http://static.tvmaze.com/uploads/images/medium_portrait/12/30488.jpg
Bio Link        http://www.tvmaze.com/people/60319/shaun-baker
Rating          -1              
Comments        default comments

[0;1mKate Greenhouse[0m
ID              16075           
Score           27.95           
Query Name      kate            
Image URL       http://static.tvmaze.com/uploads/images/medium_portrait/28/70900.jpg
Bio Link        http://www.tvmaze.com/people/16075/kate-greenhouse
Rating          -1              
Comments        default comments

[0;1mKate Dickie[0m
ID              14530           
Score           27.95           
Query Name      kate            
Image URL       http://static.tvmaze.com/uploads/images/medium_portrait/8/20527.jpg
Bio Link        http://www.tvmaze.com/people/14530/kate-dickie
Rating          -1              
Comments        default comments

[0;1mJane Alexander[0m
ID              18450           
Score           29.00           
Query Name      jane            
Image URL       http://static.tvmaze.com/uploads/images/medium_portrait/24/62456.jpg
Bio Link        http://www.tvmaze.com/people/18450/jane-alexander
Rating          -1              
Comments        default comments

[0;1mPaul Andrich[0m
ID              4054            
Score           22.06           
Query Name      paul            
Image URL       http://static.tvmaze.com/uploads/images/medium_portrait/5/14162.jpg
Bio Link        http://www.tvmaze.com/people/4054/paul-andrich
Rating          -1              
Comments        default comments

[0;1mBilly Stone[0m
ID              45898           
Score           30.93           
Query Name      billy           
Image URL       defaultProfile.png
Bio Link        http://www.tvmaze.com/people/45898/billy-stone
Rating          -1              
Comments        default comments

listPersonsByRating
[0;1mLuke Goss[0m
ID              29440           
Score           30.62           
Query Name      luke            
Image URL       http://static.tvmaze.com/uploads/images/medium_portrait/8/20416.jpg
Bio Link        http://www.tvmaze.com/people/29440/luke-goss
Rating          5               
Comments        default comments

[0;1mStuart McDonald[0m
ID              56762           
Score           35.83           
Query Name      mcdonald        
Image URL       defaultProfile.png
Bio Link        http://www.tvmaze.com/people/56762/stuart-mcdonald
Rating          5               
Comments        default comments

[0;1mSweeney MacArthur[0m
ID              133772          
Score           45.57           
Query Name      macarthur       
Image URL       defaultProfile.png
Bio Link        http://www.tvmaze.com/people/133772/sweeney-macarthur
Rating          4               
Comments        I am Sweeney MacArthur

[0;1mPaul Rapovski[0m
ID              2243            
Score           22.06           
Query Name      paul            
Image URL       http://static.tvmaze.com/uploads/images/medium_portrait/2/5710.jpg
Bio Link        http://www.tvmaze.com/people/2243/paul-rapovski
Rating          -1              
Comments        default comments

[0;1mKate Herman[0m
ID              1392            
Score           27.95           
Query Name      kate            
Image URL       defaultProfile.png
Bio Link        http://www.tvmaze.com/people/1392/kate-herman
Rating          -1              
Comments        default comments

[0;1mAlan McCullough[0m
ID              2477            
Score           27.67           
Query Name      alan            
Image URL       defaultProfile.png
Bio Link        http://www.tvmaze.com/people/2477/alan-mccullough
Rating          -1              
Comments        default comments

[0;1mJoanna Becker[0m
ID              32461           
Score           32.50           
Query Name      joanna          
Image URL       defaultProfile.png
Bio Link        http://www.tvmaze.com/people/32461/joanna-becker
Rating          -1              
Comments        default comments

[0;1mJohn Treleaven[0m
ID              4335            
Score           19.68           
Query Name      john            
Image URL       http://static.tvmaze.com/uploads/images/medium_portrait/5/13853.jpg
Bio Link        http://www.tvmaze.com/people/4335/john-treleaven
Rating          -1              
Comments        default comments

[0;1mAlan Shearman[0m
ID              47836           
Score           27.67           
Query Name      alan            
Image URL       defaultProfile.png
Bio Link        http://www.tvmaze.com/people/47836/alan-shearman
Rating          -1              
Comments        default comments

[0;1mJoanna Going[0m
ID              12579           
Score           32.50           
Query Name      joanna          
Image URL       http://static.tvmaze.com/uploads/images/medium_portrait/3/8027.jpg
Bio Link        http://www.tvmaze.com/people/12579/joanna-going
Rating          -1              
Comments        default comments

[0;1mKate Mara[0m
ID              9491            
Score           27.95           
Query Name      kate            
Image URL       http://static.tvmaze.com/uploads/images/medium_portrait/2/6101.jpg
Bio Link        http://www.tvmaze.com/people/9491/kate-mara
Rating          -1              
Comments        default comments

[0;1mShaun Majumder[0m
ID              30702           
Score           35.12           
Query Name      shaun           
Image URL       http://static.tvmaze.com/uploads/images/medium_portrait/9/24243.jpg
Bio Link        http://www.tvmaze.com/people/30702/shaun-majumder
Rating          -1              
Comments        default comments

[0;1mJohn Knox[0m
ID              1451            
Score           19.68           
Query Name      john            
Image URL       defaultProfile.png
Bio Link        http://www.tvmaze.com/people/1451/john-knox
Rating          -1              
Comments        default comments

[0;1mJohn Hainsworth[0m
ID              3496            
Score           19.68           
Query Name      john            
Image URL       defaultProfile.png
Bio Link        http://www.tvmaze.com/people/3496/john-hainsworth
Rating          -1              
Comments        default comments

[0;1mLuke Ganalon[0m
ID              35327           
Score           30.62           
Query Name      luke            
Image URL       defaultProfile.png
Bio Link        http://www.tvmaze.com/people/35327/luke-ganalon
Rating          -1              
Comments        default comments

[0;1mShaun Cassidy[0m
ID              50431           
Score           35.12           
Query Name      shaun           
Image URL       defaultProfile.png
Bio Link        http://www.tvmaze.com/people/50431/shaun-cassidy
Rating          -1              
Comments        default comments

[0;1mKerri Paul[0m
ID              3121            
Score           22.06           
Query Name      paul            
Image URL       defaultProfile.png
Bio Link        http://www.tvmaze.com/people/3121/kerri-paul
Rating          -1              
Comments        default comments

[0;1mJohn Neisler[0m
ID              755             
Score           19.68           
Query Name      john            
Image URL       http://static.tvmaze.com/uploads/images/medium_portrait/2/6999.jpg
Bio Link        http://www.tvmaze.com/people/755/john-neisler
Rating          -1              
Comments        default comments

[0;1mShaun Clay[0m
ID              32534           
Score           35.12           
Query Name      shaun           
Image URL       http://static.tvmaze.com/uploads/images/medium_portrait/83/207780.jpg
Bio Link        http://www.tvmaze.com/people/32534/shaun-clay
Rating          -1              
Comments        default comments

[0;1mPaul Duchart[0m
ID              2813            
Score           22.06           
Query Name      paul            
Image URL       http://static.tvmaze.com/uploads/images/medium_portrait/5/14101.jpg
Bio Link        http://www.tvmaze.com/people/2813/paul-duchart
Rating          -1              
Comments        default comments

[0;1mJane Fergus[0m
ID              17525           
Score           29.00           
Query Name      jane            
Image URL       defaultProfile.png
Bio Link        http://www.tvmaze.com/people/17525/jane-fergus
Rating          -1              
Comments        default comments

[0;1mJane Condon[0m
ID              30771           
Score           29.00           
Query Name      jane            
Image URL       defaultProfile.png
Bio Link        http://www.tvmaze.com/people/30771/jane-condon
Rating          -1              
Comments        default comments

[0;1mErin MacArthur[0m
ID              48281           
Score           45.57           
Query Name      macarthur       
Image URL       defaultProfile.png
Bio Link        http://www.tvmaze.com/people/48281/erin-macarthur
Rating          -1              
Comments        default comments

[0;1mLuke MacFarlane[0m
ID              22498           
Score           30.62           
Query Name      luke            
Image URL       http://static.tvmaze.com/uploads/images/medium_portrait/10/25634.jpg
Bio Link        http://www.tvmaze.com/people/22498/luke-macfarlane
Rating          -1              
Comments        default comments

[0;1mBilly MacLellan[0m
ID              2472            
Score           30.93           
Query Name      billy           
Image URL       http://static.tvmaze.com/uploads/images/medium_portrait/10/25948.jpg
Bio Link        http://www.tvmaze.com/people/2472/billy-maclellan
Rating          -1              
Comments        default comments

[0;1mShaun Powell[0m
ID              20018           
Score           35.12           
Query Name      shaun           
Image URL       defaultProfile.png
Bio Link        http://www.tvmaze.com/people/20018/shaun-powell
Rating          -1              
Comments        default comments

[0;1mCornelius Macarthy[0m
ID              161541          
Score           8.03            
Query Name      macarthur       
Image URL       defaultProfile.png
Bio Link        http://www.tvmaze.com/people/161541/cornelius-macarthy
Rating          -1              
Comments        default comments

[0;1mJohn Bernecker[0m
ID              708             
Score           19.68           
Query Name      john            
Image URL       defaultProfile.png
Bio Link        http://www.tvmaze.com/people/708/john-bernecker
Rating          -1              
Comments        default comments

[0;1mJoanna Bool[0m
ID              26593           
Score           32.50           
Query Name      joanna          
Image URL       defaultProfile.png
Bio Link        http://www.tvmaze.com/people/26593/joanna-bool
Rating          -1              
Comments        default comments

[0;1mPaul McGillion[0m
ID              3007            
Score           22.06           
Query Name      paul            
Image URL       http://static.tvmaze.com/uploads/images/medium_portrait/69/172938.jpg
Bio Link        http://www.tvmaze.com/people/3007/paul-mcgillion
Rating          -1              
Comments        default comments

[0;1mRobin McDonald[0m
ID              45657           
Score           35.83           
Query Name      mcdonald        
Image URL       defaultProfile.png
Bio Link        http://www.tvmaze.com/people/45657/robin-mcdonald
Rating          -1              
Comments        default comments

[0;1mAlan Metoskie[0m
ID              42016           
Score           27.67           
Query Name      alan            
Image URL       defaultProfile.png
Bio Link        http://www.tvmaze.com/people/42016/alan-metoskie
Rating          -1              
Comments        default comments

[0;1mJane Espenson[0m
ID              2939            
Score           29.00           
Query Name      jane            
Image URL       http://static.tvmaze.com/uploads/images/medium_portrait/37/94911.jpg
Bio Link        http://www.tvmaze.com/people/2939/jane-espenson
Rating          -1              
Comments        default comments

[0;1mShaun Himmerick[0m
ID              43500           
Score           35.12           
Query Name      shaun           
Image URL       defaultProfile.png
Bio Link        http://www.tvmaze.com/people/43500/shaun-himmerick
Rating          -1              
Comments        default comments

[0;1mPaul Batten[0m
ID              4523            
Score           22.06           
Query Name      paul            
Image URL       http://static.tvmaze.com/uploads/images/medium_portrait/5/13148.jpg
Bio Link        http://www.tvmaze.com/people/4523/paul-batten
Rating          -1              
Comments        default comments

[0;1mJane Nichols[0m
ID              20168           
Score           29.00           
Query Name      jane            
Image URL       defaultProfile.png
Bio Link        http://www.tvmaze.com/people/20168/jane-nichols
Rating          -1              
Comments        default comments

[0;1mJames MacArthur[0m
ID              51655           
Score           45.57           
Query Name      macarthur       
Image URL       http://static.tvmaze.com/uploads/images/medium_portrait/17/42951.jpg
Bio Link        http://www.tvmaze.com/people/51655/james-macarthur
Rating          -1              
Comments        default comments

[0;1mJane Adams[0m
ID              24936           
Score           29.00           
Query Name      jane            
Image URL       http://static.tvmaze.com/uploads/images/medium_portrait/7/17708.jpg
Bio Link        http://www.tvmaze.com/people/24936/jane-adams
Rating          -1              
Comments        default comments

[0;1mKevonte McDonald[0m
ID              81017           
Score           35.83           
Query Name      mcdonald        
Image URL       defaultProfile.png
Bio Link        http://www.tvmaze.com/people/81017/kevonte-mcdonald
Rating          -1              
Comments        default comments

[0;1mKate Garwood[0m
ID              5448            
Score           27.95           
Query Name      kate            
Image URL       defaultProfile.png
Bio Link        http://www.tvmaze.com/people/5448/kate-garwood
Rating          -1              
Comments        default comments

[0;1mAlan Tang[0m
ID              2264            
Score           27.67           
Query Name      alan            
Image URL       http://static.tvmaze.com/uploads/images/medium_portrait/1/3881.jpg
Bio Link        http://www.tvmaze.com/people/2264/alan-tang
Rating          -1              
Comments        default comments

[0;1mAlan Autry[0m
ID              38910           
Score           27.67           
Query Name      alan            
Image URL       http://static.tvmaze.com/uploads/images/medium_portrait/29/73366.jpg
Bio Link        http://www.tvmaze.com/people/38910/alan-autry
Rating          -1              
Comments        default comments

[0;1mLuke Mitchell[0m
ID              33790           
Score           30.62           
Query Name      luke            
Image URL       http://static.tvmaze.com/uploads/images/medium_portrait/3/8592.jpg
Bio Link        http://www.tvmaze.com/people/33790/luke-mitchell
Rating          -1              
Comments        default comments

[0;1mHayes MacArthur[0m
ID              31790           
Score           45.57           
Query Name      macarthur       
Image URL       http://static.tvmaze.com/uploads/images/medium_portrait/61/153161.jpg
Bio Link        http://www.tvmaze.com/people/31790/hayes-macarthur
Rating          -1              
Comments        default comments

[0;1mShaun Micallef[0m
ID              64297           
Score           35.12           
Query Name      shaun           
Image URL       http://static.tvmaze.com/uploads/images/medium_portrait/27/69574.jpg
Bio Link        http://www.tvmaze.com/people/64297/shaun-micallef
Rating          -1              
Comments        default comments

[0;1mJane Moffat[0m
ID              35737           
Score           29.00           
Query Name      jane            
Image URL       http://static.tvmaze.com/uploads/images/medium_portrait/33/84362.jpg
Bio Link        http://www.tvmaze.com/people/35737/jane-moffat
Rating          -1              
Comments        default comments

[0;1mLuke Adams[0m
ID              3049            
Score           30.62           
Query Name      luke            
Image URL       defaultProfile.png
Bio Link        http://www.tvmaze.com/people/3049/luke-adams
Rating          -1              
Comments        default comments

[0;1mBilly Evans[0m
ID              14278           
Score           30.93           
Query Name      billy           
Image URL       defaultProfile.png
Bio Link        http://www.tvmaze.com/people/14278/billy-evans
Rating          -1              
Comments        default comments

[0;1mAlan DiFiore[0m
ID              1531            
Score           27.67           
Query Name      alan            
Image URL       defaultProfile.png
Bio Link        http://www.tvmaze.com/people/1531/alan-difiore
Rating          -1              
Comments        default comments

[0;1mDavid MacArthur[0m
ID              165064          
Score           45.57           
Query Name      macarthur       
Image URL       defaultProfile.png
Bio Link        http://www.tvmaze.com/people/165064/david-macarthur
Rating          -1              
Comments        default comments

[0;1mKate Frisbee[0m
ID              11893           
Score           27.95           
Query Name      kate            
Image URL       http://static.tvmaze.com/uploads/images/medium_portrait/4/11014.jpg
Bio Link        http://www.tvmaze.com/people/11893/kate-frisbee
Rating          -1              
Comments        default comments

[0;1mBilly Lush[0m
ID              19479           
Score           30.93           
Query Name      billy           
Image URL       http://static.tvmaze.com/uploads/images/medium_portrait/4/11998.jpg
Bio Link        http://www.tvmaze.com/people/19479/billy-lush
Rating          -1              
Comments        default comments

[0;1mKate Rylie[0m
ID              12140           
Score           27.95           
Query Name      kate            
Image URL       defaultProfile.png
Bio Link        http://www.tvmaze.com/people/12140/kate-rylie
Rating          -1              
Comments        default comments

[0;1mJohn Voth[0m
ID              4558            
Score           19.68           
Query Name      john            
Image URL       http://static.tvmaze.com/uploads/images/medium_portrait/5/13064.jpg
Bio Link        http://www.tvmaze.com/people/4558/john-voth
Rating          -1              
Comments        default comments

[0;1mPatrick McDonald[0m
ID              30763           
Score           35.83           
Query Name      mcdonald        
Image URL       defaultProfile.png
Bio Link        http://www.tvmaze.com/people/30763/patrick-mcdonald
Rating          -1              
Comments        default comments

[0;1mDevon Alan[0m
ID              21668           
Score           27.67           
Query Name      alan            
Image URL       defaultProfile.png
Bio Link        http://www.tvmaze.com/people/21668/devon-alan
Rating          -1              
Comments        default comments

[0;1mJohn Fawcett[0m
ID              253             
Score           19.68           
Query Name      john            
Image URL       defaultProfile.png
Bio Link        http://www.tvmaze.com/people/253/john-fawcett
Rating          -1              
Comments        default comments

[0;1mAmber MacArthur[0m
ID              127494          
Score           45.57           
Query Name      macarthur       
Image URL       defaultProfile.png
Bio Link        http://www.tvmaze.com/people/127494/amber-macarthur
Rating          -1              
Comments        default comments

[0;1mJoanna Sanchez[0m
ID              38418           
Score           32.50           
Query Name      joanna          
Image URL       defaultProfile.png
Bio Link        http://www.tvmaze.com/people/38418/joanna-sanchez
Rating          -1              
Comments        default comments

[0;1mBrenda McDonald[0m
ID              3640            
Score           35.83           
Query Name      mcdonald        
Image URL       defaultProfile.png
Bio Link        http://www.tvmaze.com/people/3640/brenda-mcdonald
Rating          -1              
Comments        default comments

[0;1mBilly West[0m
ID              49026           
Score           30.93           
Query Name      billy           
Image URL       http://static.tvmaze.com/uploads/images/medium_portrait/4/11404.jpg
Bio Link        http://www.tvmaze.com/people/49026/billy-west
Rating          -1              
Comments        default comments

[0;1mBilly Wood[0m
ID              25714           
Score           30.93           
Query Name      billy           
Image URL       defaultProfile.png
Bio Link        http://www.tvmaze.com/people/25714/billy-wood
Rating          -1              
Comments        default comments

[0;1mShaun Hennessy[0m
ID              38553           
Score           35.12           
Query Name      shaun           
Image URL       defaultProfile.png
Bio Link        http://www.tvmaze.com/people/38553/shaun-hennessy
Rating          -1              
Comments        default comments

[0;1mLuke Loving[0m
ID              14028           
Score           30.62           
Query Name      luke            
Image URL       defaultProfile.png
Bio Link        http://www.tvmaze.com/people/14028/luke-loving
Rating          -1              
Comments        default comments

[0;1mJohn Casino[0m
ID              44              
Score           19.68           
Query Name      john            
Image URL       http://static.tvmaze.com/uploads/images/medium_portrait/4/10255.jpg
Bio Link        http://www.tvmaze.com/people/44/john-casino
Rating          -1              
Comments        default comments

[0;1mJoanna Flores[0m
ID              12647           
Score           32.50           
Query Name      joanna          
Image URL       defaultProfile.png
Bio Link        http://www.tvmaze.com/people/12647/joanna-flores
Rating          -1              
Comments        default comments

[0;1mBilly Tilk[0m
ID              36490           
Score           30.93           
Query Name      billy           
Image URL       defaultProfile.png
Bio Link        http://www.tvmaze.com/people/36490/billy-tilk
Rating          -1              
Comments        default comments

[0;1mPaul Holahan[0m
ID              4899            
Score           22.06           
Query Name      paul            
Image URL       defaultProfile.png
Bio Link        http://www.tvmaze.com/people/4899/paul-holahan
Rating          -1              
Comments        default comments

[0;1mJoanna Wolff[0m
ID              18323           
Score           32.50           
Query Name      joanna          
Image URL       defaultProfile.png
Bio Link        http://www.tvmaze.com/people/18323/joanna-wolff
Rating          -1              
Comments        default comments

[0;1mJosh McDonald[0m
ID              16049           
Score           35.83           
Query Name      mcdonald        
Image URL       defaultProfile.png
Bio Link        http://www.tvmaze.com/people/16049/josh-mcdonald
Rating          -1              
Comments        default comments

[0;1mArtin John[0m
ID              452             
Score           19.68           
Query Name      john            
Image URL       http://static.tvmaze.com/uploads/images/medium_portrait/3/7665.jpg
Bio Link        http://www.tvmaze.com/people/452/artin-john
Rating          -1              
Comments        default comments

[0;1mJane Carr[0m
ID              28870           
Score           29.00           
Query Name      jane            
Image URL       http://static.tvmaze.com/uploads/images/medium_portrait/39/98679.jpg
Bio Link        http://www.tvmaze.com/people/28870/jane-carr
Rating          -1              
Comments        default comments

[0;1mKate Hamilton[0m
ID              13751           
Score           27.95           
Query Name      kate            
Image URL       defaultProfile.png
Bio Link        http://www.tvmaze.com/people/13751/kate-hamilton
Rating          -1              
Comments        default comments

[0;1mGary McDonald[0m
ID              54184           
Score           35.83           
Query Name      mcdonald        
Image URL       defaultProfile.png
Bio Link        http://www.tvmaze.com/people/54184/gary-mcdonald
Rating          -1              
Comments        default comments

[0;1mJoanna Leeds[0m
ID              31623           
Score           32.50           
Query Name      joanna          
Image URL       defaultProfile.png
Bio Link        http://www.tvmaze.com/people/31623/joanna-leeds
Rating          -1              
Comments        default comments

[0;1mPaul Root[0m
ID              1760            
Score           22.06           
Query Name      paul            
Image URL       http://static.tvmaze.com/uploads/images/medium_portrait/54/135656.jpg
Bio Link        http://www.tvmaze.com/people/1760/paul-root
Rating          -1              
Comments        default comments

[0;1mLuke Kirby[0m
ID              17824           
Score           30.62           
Query Name      luke            
Image URL       http://static.tvmaze.com/uploads/images/medium_portrait/71/179790.jpg
Bio Link        http://www.tvmaze.com/people/17824/luke-kirby
Rating          -1              
Comments        default comments

[0;1mBilly Eichner[0m
ID              21340           
Score           30.93           
Query Name      billy           
Image URL       http://static.tvmaze.com/uploads/images/medium_portrait/9/23360.jpg
Bio Link        http://www.tvmaze.com/people/21340/billy-eichner
Rating          -1              
Comments        default comments

[0;1mBilly Wirth[0m
ID              7659            
Score           30.93           
Query Name      billy           
Image URL       http://static.tvmaze.com/uploads/images/medium_portrait/29/73310.jpg
Bio Link        http://www.tvmaze.com/people/7659/billy-wirth
Rating          -1              
Comments        default comments

[0;1mAlan Burnett[0m
ID              46547           
Score           27.67           
Query Name      alan            
Image URL       defaultProfile.png
Bio Link        http://www.tvmaze.com/people/46547/alan-burnett
Rating          -1              
Comments        default comments

[0;1mJane Hajduk[0m
ID              8380            
Score           29.00           
Query Name      jane            
Image URL       defaultProfile.png
Bio Link        http://www.tvmaze.com/people/8380/jane-hajduk
Rating          -1              
Comments        default comments

[0;1mPaul Rolfes[0m
ID              1099            
Score           22.06           
Query Name      paul            
Image URL       http://static.tvmaze.com/uploads/images/medium_portrait/2/6315.jpg
Bio Link        http://www.tvmaze.com/people/1099/paul-rolfes
Rating          -1              
Comments        default comments

[0;1mShaun Dooley[0m
ID              37862           
Score           35.12           
Query Name      shaun           
Image URL       http://static.tvmaze.com/uploads/images/medium_portrait/8/21439.jpg
Bio Link        http://www.tvmaze.com/people/37862/shaun-dooley
Rating          -1              
Comments        default comments

[0;1mJohn Behring[0m
ID              366             
Score           19.68           
Query Name      john            
Image URL       defaultProfile.png
Bio Link        http://www.tvmaze.com/people/366/john-behring
Rating          -1              
Comments        default comments

[0;1mJoanna Strapp[0m
ID              26141           
Score           32.50           
Query Name      joanna          
Image URL       http://static.tvmaze.com/uploads/images/medium_portrait/8/20381.jpg
Bio Link        http://www.tvmaze.com/people/26141/joanna-strapp
Rating          -1              
Comments        default comments

[0;1mJoanna Bacalso[0m
ID              2348            
Score           32.50           
Query Name      joanna          
Image URL       defaultProfile.png
Bio Link        http://www.tvmaze.com/people/2348/joanna-bacalso
Rating          -1              
Comments        default comments

[0;1mShaun Brady[0m
ID              41725           
Score           35.12           
Query Name      shaun           
Image URL       defaultProfile.png
Bio Link        http://www.tvmaze.com/people/41725/shaun-brady
Rating          -1              
Comments        default comments

[0;1mKate Vernon[0m
ID              852             
Score           27.95           
Query Name      kate            
Image URL       http://static.tvmaze.com/uploads/images/medium_portrait/1/4551.jpg
Bio Link        http://www.tvmaze.com/people/852/kate-vernon
Rating          -1              
Comments        default comments

[0;1mJoanna Liao[0m
ID              20614           
Score           32.50           
Query Name      joanna          
Image URL       defaultProfile.png
Bio Link        http://www.tvmaze.com/people/20614/joanna-liao
Rating          -1              
Comments        default comments

[0;1mLuke Kleintank[0m
ID              16418           
Score           30.62           
Query Name      luke            
Image URL       http://static.tvmaze.com/uploads/images/medium_portrait/10/26051.jpg
Bio Link        http://www.tvmaze.com/people/16418/luke-kleintank
Rating          -1              
Comments        default comments

[0;1mLynn McArthur[0m
ID              56687           
Score           7.66            
Query Name      macarthur       
Image URL       defaultProfile.png
Bio Link        http://www.tvmaze.com/people/56687/lynn-mcarthur
Rating          -1              
Comments        default comments

[0;1mAlan Metzger[0m
ID              18569           
Score           27.67           
Query Name      alan            
Image URL       defaultProfile.png
Bio Link        http://www.tvmaze.com/people/18569/alan-metzger
Rating          -1              
Comments        default comments

[0;1mAlan D'Antoni[0m
ID              30329           
Score           27.67           
Query Name      alan            
Image URL       defaultProfile.png
Bio Link        http://www.tvmaze.com/people/30329/alan-dantoni
Rating          -1              
Comments        default comments

[0;1mMichael McDonald[0m
ID              26876           
Score           35.83           
Query Name      mcdonald        
Image URL       http://static.tvmaze.com/uploads/images/medium_portrait/14/36000.jpg
Bio Link        http://www.tvmaze.com/people/26876/michael-mcdonald
Rating          -1              
Comments        default comments

[0;1mBilly Parriott[0m
ID              41030           
Score           30.93           
Query Name      billy           
Image URL       defaultProfile.png
Bio Link        http://www.tvmaze.com/people/41030/billy-parriott
Rating          -1              
Comments        default comments

[0;1mLuke Stockalper[0m
ID              33706           
Score           30.62           
Query Name      luke            
Image URL       defaultProfile.png
Bio Link        http://www.tvmaze.com/people/33706/luke-stockalper
Rating          -1              
Comments        default comments

[0;1mEdith MacArthur[0m
ID              78077           
Score           45.57           
Query Name      macarthur       
Image URL       defaultProfile.png
Bio Link        http://www.tvmaze.com/people/78077/edith-macarthur
Rating          -1              
Comments        default comments

[0;1mSean McDonald[0m
ID              80891           
Score           35.83           
Query Name      mcdonald        
Image URL       defaultProfile.png
Bio Link        http://www.tvmaze.com/people/80891/sean-mcdonald
Rating          -1              
Comments        default comments

[0;1mNicholas McDonald[0m
ID              11511           
Score           35.83           
Query Name      mcdonald        
Image URL       defaultProfile.png
Bio Link        http://www.tvmaze.com/people/11511/nicholas-mcdonald
Rating          -1              
Comments        default comments

[0;1mLuke Buckberrough[0m
ID              26356           
Score           30.62           
Query Name      luke            
Image URL       defaultProfile.png
Bio Link        http://www.tvmaze.com/people/26356/luke-buckberrough
Rating          -1              
Comments        default comments

[0;1mJane Greer[0m
ID              29224           
Score           29.00           
Query Name      jane            
Image URL       defaultProfile.png
Bio Link        http://www.tvmaze.com/people/29224/jane-greer
Rating          -1              
Comments        default comments

[0;1mScott MacArthur[0m
ID              10656           
Score           45.57           
Query Name      macarthur       
Image URL       http://static.tvmaze.com/uploads/images/medium_portrait/89/222591.jpg
Bio Link        http://www.tvmaze.com/people/10656/scott-macarthur
Rating          -1              
Comments        default comments

[0;1mKate Lacey[0m
ID              9190            
Score           27.95           
Query Name      kate            
Image URL       defaultProfile.png
Bio Link        http://www.tvmaze.com/people/9190/kate-lacey
Rating          -1              
Comments        default comments

[0;1mPaul Amos[0m
ID              2308            
Score           22.06           
Query Name      paul            
Image URL       http://static.tvmaze.com/uploads/images/medium_portrait/54/136059.jpg
Bio Link        http://www.tvmaze.com/people/2308/paul-amos
Rating          -1              
Comments        default comments

[0;1mShaun Baker[0m
ID              60319           
Score           35.12           
Query Name      shaun           
Image URL       http://static.tvmaze.com/uploads/images/medium_portrait/12/30488.jpg
Bio Link        http://www.tvmaze.com/people/60319/shaun-baker
Rating          -1              
Comments        default comments

[0;1mKate Greenhouse[0m
ID              16075           
Score           27.95           
Query Name      kate            
Image URL       http://static.tvmaze.com/uploads/images/medium_portrait/28/70900.jpg
Bio Link        http://www.tvmaze.com/people/16075/kate-greenhouse
Rating          -1              
Comments        default comments

[0;1mKate Dickie[0m
ID              14530           
Score           27.95           
Query Name      kate            
Image URL       http://static.tvmaze.com/uploads/images/medium_portrait/8/20527.jpg
Bio Link        http://www.tvmaze.com/people/14530/kate-dickie
Rating          -1              
Comments        default comments

[0;1mJane Alexander[0m
ID              18450           
Score           29.00           
Query Name      jane            
Image URL       http://static.tvmaze.com/uploads/images/medium_portrait/24/62456.jpg
Bio Link        http://www.tvmaze.com/people/18450/jane-alexander
Rating          -1              
Comments        default comments

[0;1mPaul Andrich[0m
ID              4054            
Score           22.06           
Query Name      paul            
Image URL       http://static.tvmaze.com/uploads/images/medium_portrait/5/14162.jpg
Bio Link        http://www.tvmaze.com/people/4054/paul-andrich
Rating          -1              
Comments        default comments

[0;1mBilly Stone[0m
ID              45898           
Score           30.93           
Query Name      billy           
Image URL       defaultProfile.png
Bio Link        http://www.tvmaze.com/people/45898/billy-stone
Rating          -1              
Comments        default comments

getPersons
writePersonData
exportToHMTL

There are no search results to display.
Please perform a search from the main menu...
searchLocalRecords
PASSED
Person{score=35.116993, queryName=shaun, name=Shaun Majumder, id=30702, imageUrl=http://static.tvmaze.com/uploads/images/medium_portrait/9/24243.jpg, personLink=http://www.tvmaze.com/people/30702/shaun-majumder, myRating=-1, myComments=default comments}
Person{score=35.116993, queryName=shaun, name=Shaun Cassidy, id=50431, imageUrl=defaultProfile.png, personLink=http://www.tvmaze.com/people/50431/shaun-cassidy, myRating=-1, myComments=default comments}
Person{score=35.116993, queryName=shaun, name=Shaun Clay, id=32534, imageUrl=http://static.tvmaze.com/uploads/images/medium_portrait/83/207780.jpg, personLink=http://www.tvmaze.com/people/32534/shaun-clay, myRating=-1, myComments=default comments}
Person{score=35.116993, queryName=shaun, name=Shaun Powell, id=20018, imageUrl=defaultProfile.png, personLink=http://www.tvmaze.com/people/20018/shaun-powell, myRating=-1, myComments=default comments}
Person{score=35.116993, queryName=shaun, name=Shaun Himmerick, id=43500, imageUrl=defaultProfile.png, personLink=http://www.tvmaze.com/people/43500/shaun-himmerick, myRating=-1, myComments=default comments}
Person{score=35.116993, queryName=shaun, name=Shaun Micallef, id=64297, imageUrl=http://static.tvmaze.com/uploads/images/medium_portrait/27/69574.jpg, personLink=http://www.tvmaze.com/people/64297/shaun-micallef, myRating=-1, myComments=default comments}
Person{score=35.116993, queryName=shaun, name=Shaun Hennessy, id=38553, imageUrl=defaultProfile.png, personLink=http://www.tvmaze.com/people/38553/shaun-hennessy, myRating=-1, myComments=default comments}
Person{score=35.116993, queryName=shaun, name=Shaun Dooley, id=37862, imageUrl=http://static.tvmaze.com/uploads/images/medium_portrait/8/21439.jpg, personLink=http://www.tvmaze.com/people/37862/shaun-dooley, myRating=-1, myComments=default comments}
Person{score=35.116993, queryName=shaun, name=Shaun Brady, id=41725, imageUrl=defaultProfile.png, personLink=http://www.tvmaze.com/people/41725/shaun-brady, myRating=-1, myComments=default comments}
Person{score=35.116993, queryName=shaun, name=Shaun Baker, id=60319, imageUrl=http://static.tvmaze.com/uploads/images/medium_portrait/12/30488.jpg, personLink=http://www.tvmaze.com/people/60319/shaun-baker, myRating=-1, myComments=default comments}
listPersonsByID
[0;1mJohn Casino[0m
ID              44              
Score           19.68           
Query Name      john            
Image URL       http://static.tvmaze.com/uploads/images/medium_portrait/4/10255.jpg
Bio Link        http://www.tvmaze.com/people/44/john-casino
Rating          -1              
Comments        default comments

[0;1mJohn Fawcett[0m
ID              253             
Score           19.68           
Query Name      john            
Image URL       defaultProfile.png
Bio Link        http://www.tvmaze.com/people/253/john-fawcett
Rating          -1              
Comments        default comments

[0;1mJohn Behring[0m
ID              366             
Score           19.68           
Query Name      john            
Image URL       defaultProfile.png
Bio Link        http://www.tvmaze.com/people/366/john-behring
Rating          -1              
Comments        default comments

[0;1mArtin John[0m
ID              452             
Score           19.68           
Query Name      john            
Image URL       http://static.tvmaze.com/uploads/images/medium_portrait/3/7665.jpg
Bio Link        http://www.tvmaze.com/people/452/artin-john
Rating          -1              
Comments        default comments

[0;1mJohn Bernecker[0m
ID              708             
Score           19.68           
Query Name      john            
Image URL       defaultProfile.png
Bio Link        http://www.tvmaze.com/people/708/john-bernecker
Rating          -1              
Comments        default comments

[0;1mJohn Neisler[0m
ID              755             
Score           19.68           
Query Name      john            
Image URL       http://static.tvmaze.com/uploads/images/medium_portrait/2/6999.jpg
Bio Link        http://www.tvmaze.com/people/755/john-neisler
Rating          -1              
Comments        default comments

[0;1mKate Vernon[0m
ID              852             
Score           27.95           
Query Name      kate            
Image URL       http://static.tvmaze.com/uploads/images/medium_portrait/1/4551.jpg
Bio Link        http://www.tvmaze.com/people/852/kate-vernon
Rating          -1              
Comments        default comments

[0;1mPaul Rolfes[0m
ID              1099            
Score           22.06           
Query Name      paul            
Image URL       http://static.tvmaze.com/uploads/images/medium_portrait/2/6315.jpg
Bio Link        http://www.tvmaze.com/people/1099/paul-rolfes
Rating          -1              
Comments        default comments

[0;1mKate Herman[0m
ID              1392            
Score           27.95           
Query Name      kate            
Image URL       defaultProfile.png
Bio Link        http://www.tvmaze.com/people/1392/kate-herman
Rating          -1              
Comments        default comments

[0;1mJohn Knox[0m
ID              1451            
Score           19.68           
Query Name      john            
Image URL       defaultProfile.png
Bio Link        http://www.tvmaze.com/people/1451/john-knox
Rating          -1              
Comments        default comments

[0;1mAlan DiFiore[0m
ID              1531            
Score           27.67           
Query Name      alan            
Image URL       defaultProfile.png
Bio Link        http://www.tvmaze.com/people/1531/alan-difiore
Rating          -1              
Comments        default comments

[0;1mPaul Root[0m
ID              1760            
Score           22.06           
Query Name      paul            
Image URL       http://static.tvmaze.com/uploads/images/medium_portrait/54/135656.jpg
Bio Link        http://www.tvmaze.com/people/1760/paul-root
Rating          -1              
Comments        default comments

[0;1mPaul Rapovski[0m
ID              2243            
Score           22.06           
Query Name      paul            
Image URL       http://static.tvmaze.com/uploads/images/medium_portrait/2/5710.jpg
Bio Link        http://www.tvmaze.com/people/2243/paul-rapovski
Rating          -1              
Comments        default comments

[0;1mAlan Tang[0m
ID              2264            
Score           27.67           
Query Name      alan            
Image URL       http://static.tvmaze.com/uploads/images/medium_portrait/1/3881.jpg
Bio Link        http://www.tvmaze.com/people/2264/alan-tang
Rating          -1              
Comments        default comments

[0;1mPaul Amos[0m
ID              2308            
Score           22.06           
Query Name      paul            
Image URL       http://static.tvmaze.com/uploads/images/medium_portrait/54/136059.jpg
Bio Link        http://www.tvmaze.com/people/2308/paul-amos
Rating          -1              
Comments        default comments

[0;1mJoanna Bacalso[0m
ID              2348            
Score           32.50           
Query Name      joanna          
Image URL       defaultProfile.png
Bio Link        http://www.tvmaze.com/people/2348/joanna-bacalso
Rating          -1              
Comments        default comments

[0;1mBilly MacLellan[0m
ID              2472            
Score           30.93           
Query Name      billy           
Image URL       http://static.tvmaze.com/uploads/images/medium_portrait/10/25948.jpg
Bio Link        http://www.tvmaze.com/people/2472/billy-maclellan
Rating          -1              
Comments        default comments

[0;1mAlan McCullough[0m
ID              2477            
Score           27.67           
Query Name      alan            
Image URL       defaultProfile.png
Bio Link        http://www.tvmaze.com/people/2477/alan-mccullough
Rating          -1              
Comments        default comments

[0;1mPaul Duchart[0m
ID              2813            
Score           22.06           
Query Name      paul            
Image URL       http://static.tvmaze.com/uploads/images/medium_portrait/5/14101.jpg
Bio Link        http://www.tvmaze.com/people/2813/paul-duchart
Rating          -1              
Comments        default comments

[0;1mJane Espenson[0m
ID              2939            
Score           29.00           
Query Name      jane            
Image URL       http://static.tvmaze.com/uploads/images/medium_portrait/37/94911.jpg
Bio Link        http://www.tvmaze.com/people/2939/jane-espenson
Rating          -1              
Comments        default comments

[0;1mPaul McGillion[0m
[...]
Rating          -1              
Comments        default comments

[0;1mJoanna Liao[0m
ID              20614           
Score           32.50           
Query Name      joanna          
Image URL       defaultProfile.png
Bio Link        http://www.tvmaze.com/people/20614/joanna-liao
Rating          -1              
Comments        default comments

[0;1mJoanna Sanchez[0m
ID              38418           
Score           32.50           
Query Name      joanna          
Image URL       defaultProfile.png
Bio Link        http://www.tvmaze.com/people/38418/joanna-sanchez
Rating          -1              
Comments        default comments

[0;1mJoanna Strapp[0m
ID              26141           
Score           32.50           
Query Name      joanna          
Image URL       http://static.tvmaze.com/uploads/images/medium_portrait/8/20381.jpg
Bio Link        http://www.tvmaze.com/people/26141/joanna-strapp
Rating          -1              
Comments        default comments

[0;1mJoanna Wolff[0m
ID              18323           
Score           32.50           
Query Name      joanna          
Image URL       defaultProfile.png
Bio Link        http://www.tvmaze.com/people/18323/joanna-wolff
Rating          -1              
Comments        default comments

[0;1mJohn Behring[0m
ID              366             
Score           19.68           
Query Name      john            
Image URL       defaultProfile.png
Bio Link        http://www.tvmaze.com/people/366/john-behring
Rating          -1              
Comments        default comments

[0;1mJohn Bernecker[0m
ID              708             
Score           19.68           
Query Name      john            
Image URL       defaultProfile.png
Bio Link        http://www.tvmaze.com/people/708/john-bernecker
Rating          -1              
Comments        default comments

[0;1mJohn Casino[0m
ID              44              
Score           19.68           
Query Name      john            
Image URL       http://static.tvmaze.com/uploads/images/medium_portrait/4/10255.jpg
Bio Link        http://www.tvmaze.com/people/44/john-casino
Rating          -1              
Comments        default comments

[0;1mJohn Fawcett[0m
ID              253             
Score           19.68           
Query Name      john            
Image URL       defaultProfile.png
Bio Link        http://www.tvmaze.com/people/253/john-fawcett
Rating          -1              
Comments        default comments

[0;1mJohn Hainsworth[0m
ID              3496            
Score           19.68           
Query Name      john            
Image URL       defaultProfile.png
Bio Link        http://www.tvmaze.com/people/3496/john-hainsworth
Rating          -1              
Comments        default comments

[0;1mJohn Knox[0m
ID              1451            
Score           19.68           
Query Name      john            
Image URL       defaultProfile.png
Bio Link        http://www.tvmaze.com/people/1451/john-knox
Rating          -1              
Comments        default comments

[0;1mJohn Neisler[0m
ID              755             
Score           19.68           
Query Name      john            
Image URL       http://static.tvmaze.com/uploads/images/medium_portrait/2/6999.jpg
Bio Link        http://www.tvmaze.com/people/755/john-neisler
Rating          -1              
Comments        default comments

[0;1mJohn Treleaven[0m
ID              4335            
Score           19.68           
Query Name      john            
Image URL       http://static.tvmaze.com/uploads/images/medium_portrait/5/13853.jpg
Bio Link        http://www.tvmaze.com/people/4335/john-treleaven
Rating          -1              
Comments        default comments

[0;1mJohn Voth[0m
ID              4558            
Score           19.68           
Query Name      john            
Image URL       http://static.tvmaze.com/uploads/images/medium_portrait/5/13064.jpg
Bio Link        http://www.tvmaze.com/people/4558/john-voth
Rating          -1              
Comments        default comments

[0;1mJosh McDonald[0m
ID              16049           
Score           35.83           
Query Name      mcdonald        
Image URL       defaultProfile.png
Bio Link        http://www.tvmaze.com/people/16049/josh-mcdonald
Rating          -1              
Comments        default comments

[0;1mKate Dickie[0m
ID              14530           
Score           27.95           
Query Name      kate            
Image URL       http://static.tvmaze.com/uploads/images/medium_portrait/8/20527.jpg
Bio Link        http://www.tvmaze.com/people/14530/kate-dickie
Rating          -1              
Comments        default comments

[0;1mKate Frisbee[0m
ID              11893           
Score           27.95           
Query Name      kate            
Image URL       http://static.tvmaze.com/uploads/images/medium_portrait/4/11014.jpg
Bio Link        http://www.tvmaze.com/people/11893/kate-frisbee
Rating          -1              
Comments        default comments

[0;1mKate Garwood[0m
ID              5448            
Score           27.95           
Query Name      kate            
Image URL       defaultProfile.png
Bio Link        http://www.tvmaze.com/people/5448/kate-garwood
Rating          -1              
Comments        default comments

[0;1mKate Greenhouse[0m
ID              16075           
Score           27.95           
Query Name      kate            
Image URL       http://static.tvmaze.com/uploads/images/medium_portrait/28/70900.jpg
Bio Link        http://www.tvmaze.com/people/16075/kate-greenhouse
Rating          -1              
Comments        default comments

[0;1mKate Hamilton[0m
ID              13751           
Score           27.95           
Query Name      kate            
Image URL       defaultProfile.png
Bio Link        http://www.tvmaze.com/people/13751/kate-hamilton
Rating          -1              
Comments        default comments

[0;1mKate Herman[0m
ID              1392            
Score           27.95           
Query Name      kate            
Image URL       defaultProfile.png
Bio Link        http://www.tvmaze.com/people/1392/kate-herman
Rating          -1              
Comments        default comments

[0;1mKate Lacey[0m
ID              9190            
Score           27.95           
Query Name      kate            
Image URL       defaultProfile.png
Bio Link        http://www.tvmaze.com/people/9190/kate-lacey
Rating          -1              
Comments        default comments

[0;1mKate Mara[0m
ID              9491            
Score           27.95           
Query Name      kate            
Image URL       http://static.tvmaze.com/uploads/images/medium_portrait/2/6101.jpg
Bio Link        http://www.tvmaze.com/people/9491/kate-mara
Rating          -1              
Comments        default comments

[0;1mKate Rylie[0m
ID              12140           
Score           27.95           
Query Name      kate            
Image URL       defaultProfile.png
Bio Link        http://www.tvmaze.com/people/12140/kate-rylie
Rating          -1              
Comments        default comments

[0;1mKate Vernon[0m
ID              852             
Score           27.95           
Query Name      kate            
Image URL       http://static.tvmaze.com/uploads/images/medium_portrait/1/4551.jpg
Bio Link        http://www.tvmaze.com/people/852/kate-vernon
Rating          -1              
Comments        default comments

[0;1mKerri Paul[0m
ID              3121            
Score           22.06           
Query Name      paul            
Image URL       defaultProfile.png
Bio Link        http://www.tvmaze.com/people/3121/kerri-paul
Rating          -1              
Comments        default comments

[0;1mKevonte McDonald[0m
ID              81017           
Score           35.83           
Query Name      mcdonald        
Image URL       defaultProfile.png
Bio Link        http://www.tvmaze.com/people/81017/kevonte-mcdonald
Rating          -1              
Comments        default comments

[0;1mLuke Adams[0m
ID              3049            
Score           30.62           
Query Name      luke            
Image URL       defaultProfile.png
Bio Link        http://www.tvmaze.com/people/3049/luke-adams
Rating          -1              
Comments        default comments

[0;1mLuke Buckberrough[0m
ID              26356           
Score           30.62           
Query Name      luke            
Image URL       defaultProfile.png
Bio Link        http://www.tvmaze.com/people/26356/luke-buckberrough
Rating          -1              
Comments        default comments

[0;1mLuke Ganalon[0m
ID              35327           
Score           30.62           
Query Name      luke            
Image URL       defaultProfile.png
Bio Link        http://www.tvmaze.com/people/35327/luke-ganalon
Rating          -1              
Comments        default comments

[0;1mLuke Goss[0m
ID              29440           
Score           30.62           
Query Name      luke            
Image URL       http://static.tvmaze.com/uploads/images/medium_portrait/8/20416.jpg
Bio Link        http://www.tvmaze.com/people/29440/luke-goss
Rating          5               
Comments        default comments

[0;1mLuke Kirby[0m
ID              17824           
Score           30.62           
Query Name      luke            
Image URL       http://static.tvmaze.com/uploads/images/medium_portrait/71/179790.jpg
Bio Link        http://www.tvmaze.com/people/17824/luke-kirby
Rating          -1              
Comments        default comments

[0;1mLuke Kleintank[0m
ID              16418           
Score           30.62           
Query Name      luke            
Image URL       http://static.tvmaze.com/uploads/images/medium_portrait/10/26051.jpg
Bio Link        http://www.tvmaze.com/people/16418/luke-kleintank
Rating          -1              
Comments        default comments

[0;1mLuke Loving[0m
ID              14028           
Score           30.62           
Query Name      luke            
Image URL       defaultProfile.png
Bio Link        http://www.tvmaze.com/people/14028/luke-loving
Rating          -1              
Comments        default comments

[0;1mLuke MacFarlane[0m
ID              22498           
Score           30.62           
Query Name      luke            
Image URL       http://static.tvmaze.com/uploads/images/medium_portrait/10/25634.jpg
Bio Link        http://www.tvmaze.com/people/22498/luke-macfarlane
Rating          -1              
Comments        default comments

[0;1mLuke Mitchell[0m
ID              33790           
Score           30.62           
Query Name      luke            
Image URL       http://static.tvmaze.com/uploads/images/medium_portrait/3/8592.jpg
Bio Link        http://www.tvmaze.com/people/33790/luke-mitchell
Rating          -1              
Comments        default comments

[0;1mLuke Stockalper[0m
ID              33706           
Score           30.62           
Query Name      luke            
Image URL       defaultProfile.png
Bio Link        http://www.tvmaze.com/people/33706/luke-stockalper
Rating          -1              
Comments        default comments

[0;1mLynn McArthur[0m
ID              56687           
Score           7.66            
Query Name      macarthur       
Image URL       defaultProfile.png
Bio Link        http://www.tvmaze.com/people/56687/lynn-mcarthur
Rating          -1              
Comments        default comments

[0;1mMichael McDonald[0m
ID              26876           
Score           35.83           
Query Name      mcdonald        
Image URL       http://static.tvmaze.com/uploads/images/medium_portrait/14/36000.jpg
Bio Link        http://www.tvmaze.com/people/26876/michael-mcdonald
Rating          -1              
Comments        default comments

[0;1mNicholas McDonald[0m
ID              11511           
Score           35.83           
Query Name      mcdonald        
Image URL       defaultProfile.png
Bio Link        http://www.tvmaze.com/people/11511/nicholas-mcdonald
Rating          -1              
Comments        default comments

[0;1mPatrick McDonald[0m
ID              30763           
Score           35.83           
Query Name      mcdonald        
Image URL       defaultProfile.png
Bio Link        http://www.tvmaze.com/people/30763/patrick-mcdonald
Rating          -1              
Comments        default comments

[0;1mPaul Amos[0m
ID              2308            
Score           22.06           
Query Name      paul            
Image URL       http://static.tvmaze.com/uploads/images/medium_portrait/54/136059.jpg
Bio Link        http://www.tvmaze.com/people/2308/paul-amos
Rating          -1              
Comments        default comments

[0;1mPaul Andrich[0m
ID              4054            
Score           22.06           
Query Name      paul            
Image URL       http://static.tvmaze.com/uploads/images/medium_portrait/5/14162.jpg
Bio Link        http://www.tvmaze.com/people/4054/paul-andrich
Rating          -1              
Comments        default comments

[0;1mPaul Batten[0m
ID              4523            
Score           22.06           
Query Name      paul            
Image URL       http://static.tvmaze.com/uploads/images/medium_portrait/5/13148.jpg
Bio Link        http://www.tvmaze.com/people/4523/paul-batten
Rating          -1              
Comments        default comments

[0;1mPaul Duchart[0m
ID              2813            
Score           22.06           
Query Name      paul            
Image URL       http://static.tvmaze.com/uploads/images/medium_portrait/5/14101.jpg
Bio Link        http://www.tvmaze.com/people/2813/paul-duchart
Rating          -1              
Comments        default comments

[0;1mPaul Holahan[0m
ID              4899            
Score           22.06           
Query Name      paul            
Image URL       defaultProfile.png
Bio Link        http://www.tvmaze.com/people/4899/paul-holahan
Rating          -1              
Comments        default comments

[0;1mPaul McGillion[0m
ID              3007            
Score           22.06           
Query Name      paul            
Image URL       http://static.tvmaze.com/uploads/images/medium_portrait/69/172938.jpg
Bio Link        http://www.tvmaze.com/people/3007/paul-mcgillion
Rating          -1              
Comments        default comments

[0;1mPaul Rapovski[0m
ID              2243            
Score           22.06           
Query Name      paul            
Image URL       http://static.tvmaze.com/uploads/images/medium_portrait/2/5710.jpg
Bio Link        http://www.tvmaze.com/people/2243/paul-rapovski
Rating          -1              
Comments        default comments

[0;1mPaul Rolfes[0m
ID              1099            
Score           22.06           
Query Name      paul            
Image URL       http://static.tvmaze.com/uploads/images/medium_portrait/2/6315.jpg
Bio Link        http://www.tvmaze.com/people/1099/paul-rolfes
Rating          -1              
Comments        default comments

[0;1mPaul Root[0m
ID              1760            
Score           22.06           
Query Name      paul            
Image URL       http://static.tvmaze.com/uploads/images/medium_portrait/54/135656.jpg
Bio Link        http://www.tvmaze.com/people/1760/paul-root
Rating          -1              
Comments        default comments

[0;1mRobin McDonald[0m
ID              45657           
Score           35.83           
Query Name      mcdonald        
Image URL       defaultProfile.png
Bio Link        http://www.tvmaze.com/people/45657/robin-mcdonald
Rating          -1              
Comments        default comments

[0;1mScott MacArthur[0m
ID              10656           
Score           45.57           
Query Name      macarthur       
Image URL       http://static.tvmaze.com/uploads/images/medium_portrait/89/222591.jpg
Bio Link        http://www.tvmaze.com/people/10656/scott-macarthur
Rating          -1              
Comments        default comments

[0;1mSean McDonald[0m
ID              80891           
Score           35.83           
Query Name      mcdonald        
Image URL       defaultProfile.png
Bio Link        http://www.tvmaze.com/people/80891/sean-mcdonald
Rating          -1              
Comments        default comments

[0;1mShaun Baker[0m
ID              60319           
Score           35.12           
Query Name      shaun           
Image URL       http://static.tvmaze.com/uploads/images/medium_portrait/12/30488.jpg
Bio Link        http://www.tvmaze.com/people/60319/shaun-baker
Rating          -1              
Comments        default comments

[0;1mShaun Brady[0m
ID              41725           
Score           35.12           
Query Name      shaun           
Image URL       defaultProfile.png
Bio Link        http://www.tvmaze.com/people/41725/shaun-brady
Rating          -1              
Comments        default comments

[0;1mShaun Cassidy[0m
ID              50431           
Score           35.12           
Query Name      shaun           
Image URL       defaultProfile.png
Bio Link        http://www.tvmaze.com/people/50431/shaun-cassidy
Rating          -1              
Comments        default comments

[0;1mShaun Clay[0m
ID              32534           
Score           35.12           
Query Name      shaun           
Image URL       http://static.tvmaze.com/uploads/images/medium_portrait/83/207780.jpg
Bio Link        http://www.tvmaze.com/people/32534/shaun-clay
Rating          -1              
Comments        default comments

[0;1mShaun Dooley[0m
ID              37862           
Score           35.12           
Query Name      shaun           
Image URL       http://static.tvmaze.com/uploads/images/medium_portrait/8/21439.jpg
Bio Link        http://www.tvmaze.com/people/37862/shaun-dooley
Rating          -1              
Comments        default comments

[0;1mShaun Hennessy[0m
ID              38553           
Score           35.12           
Query Name      shaun           
Image URL       defaultProfile.png
Bio Link        http://www.tvmaze.com/people/38553/shaun-hennessy
Rating          -1              
Comments        default comments

[0;1mShaun Himmerick[0m
ID              43500           
Score           35.12           
Query Name      shaun           
Image URL       defaultProfile.png
Bio Link        http://www.tvmaze.com/people/43500/shaun-himmerick
Rating          -1              
Comments        default comments

[0;1mShaun Majumder[0m
ID              30702           
Score           35.12           
Query Name      shaun           
Image URL       http://static.tvmaze.com/uploads/images/medium_portrait/9/24243.jpg
Bio Link        http://www.tvmaze.com/people/30702/shaun-majumder
Rating          -1              
Comments        default comments

[0;1mShaun Micallef[0m
ID              64297           
Score           35.12           
Query Name      shaun           
Image URL       http://static.tvmaze.com/uploads/images/medium_portrait/27/69574.jpg
Bio Link        http://www.tvmaze.com/people/64297/shaun-micallef
Rating          -1              
Comments        default comments

[0;1mShaun Powell[0m
ID              20018           
Score           35.12           
Query Name      shaun           
Image URL       defaultProfile.png
Bio Link        http://www.tvmaze.com/people/20018/shaun-powell
Rating          -1              
Comments        default comments

[0;1mStuart McDonald[0m
ID              56762           
Score           35.83           
Query Name      mcdonald        
Image URL       defaultProfile.png
Bio Link        http://www.tvmaze.com/people/56762/stuart-mcdonald
Rating          5               
Comments        default comments

[0;1mSweeney MacArthur[0m
ID              133772          
Score           45.57           
Query Name      macarthur       
Image URL       defaultProfile.png
Bio Link        http://www.tvmaze.com/people/133772/sweeney-macarthur
Rating          4               
Comments        I am Sweeney MacArthur

]]></system-out>
  <system-err><![CDATA[]]></system-err>
</testsuite>
